=> Loading Rails...
[memcache-client] Could not load SystemTimer gem, falling back to Ruby's slower/unsafe timeout library: no such file to load -- system_timer
** Rails loaded.
** Starting Workling::Remote::Invokers::ThreadedPoller...
** Use CTRL-C to stop.
** Exiting
/Users/luke/Sites/citizensmarket/vendor/plugins/workling/lib/workling/clients/memcache_queue_client.rb:68:in `raise_unless_connected!': config/workling.yml configured to connect to queue server on localhost:22122 for this environment. could not connect to queue server on this host:port. for starling users: pass starling the port with -p flag when starting it. If you don't want to use Starling, then explicitly set Workling::Remote.dispatcher (see README for an example) (Workling::QueueserverNotFoundError)
	from /Users/luke/Sites/citizensmarket/vendor/plugins/workling/script/../lib/workling/remote/invokers/threaded_poller.rb:36:in `join'
	from /Users/luke/Sites/citizensmarket/vendor/plugins/workling/script/../lib/workling/remote/invokers/threaded_poller.rb:36:in `listen'
	from /Users/luke/Sites/citizensmarket/vendor/plugins/workling/script/../lib/workling/remote/invokers/threaded_poller.rb:36:in `each'
	from /Users/luke/Sites/citizensmarket/vendor/plugins/workling/script/../lib/workling/remote/invokers/threaded_poller.rb:36:in `listen'
	from /Users/luke/Sites/citizensmarket/vendor/plugins/workling/script/listen.rb:24
	from /usr/local/lib/ruby/gems/1.8/gems/daemons-1.0.10/lib/daemons/application.rb:176:in `load'
	from /usr/local/lib/ruby/gems/1.8/gems/daemons-1.0.10/lib/daemons/application.rb:176:in `start_load'
	from /usr/local/lib/ruby/gems/1.8/gems/daemons-1.0.10/lib/daemons/application.rb:257:in `start'
	from /usr/local/lib/ruby/gems/1.8/gems/daemons-1.0.10/lib/daemons/controller.rb:69:in `run'
	from /usr/local/lib/ruby/gems/1.8/gems/daemons-1.0.10/lib/daemons.rb:139:in `run'
	from /usr/local/lib/ruby/gems/1.8/gems/daemons-1.0.10/lib/daemons/cmdline.rb:105:in `call'
	from /usr/local/lib/ruby/gems/1.8/gems/daemons-1.0.10/lib/daemons/cmdline.rb:105:in `catch_exceptions'
	from /usr/local/lib/ruby/gems/1.8/gems/daemons-1.0.10/lib/daemons.rb:138:in `run'
	from ./script/workling_client:17
	from script/workling_starling_client:7:in `load'
	from script/workling_starling_client:7
